<?xml version="1.0" encoding="UTF-8"?>
<beans xmlns="http://www.springframework.org/schema/beans" xmlns:xsi="http://www.w3.org/2001/XMLSchema-instance"
  xmlns:context="http://www.springframework.org/schema/context" xmlns:jdbc="http://www.springframework.org/schema/jdbc"
  xsi:schemaLocation="http://www.springframework.org/schema/jdbc http://www.springframework.org/schema/jdbc/spring-jdbc-3.2.xsd
		http://www.springframework.org/schema/beans http://www.springframework.org/schema/beans/spring-beans.xsd
		http://www.springframework.org/schema/context http://www.springframework.org/schema/context/spring-context-3.2.xsd">

	<!-- This ensures that the Spring-managed DAOs will use the same data source as DBUnit -->
	<bean id="targetDataSource" class="org.unitils.database.UnitilsDataSourceFactoryBean" />
  
    <jdbc:initialize-database>
      <jdbc:script location="classpath:h2-ddl.sql"/>
    </jdbc:initialize-database>
</beans>
